<?xml version="1.0" encoding="UTF-8"?>
<testsuite xmlns:xsi="http://www.w3.org/2001/XMLSchema-instance" xsi:noNamespaceSchemaLocation="https://maven.apache.org/surefire/maven-surefire-plugin/xsd/surefire-test-report.xsd" name="operation.trener.UcitajTrenereTest" time="0.809" tests="2" errors="0" skipped="0" failures="0">
  <properties>
[...]
</properties>
  <testcase name="operation.trener.UcitajTrenereTest.testExecuteOepration" classname="operation.trener.UcitajTrenereTest" time="0.8"/>
  <testcase name="operation.trener.UcitajTrenereTest.testExecuteOperationThrowsException" classname="operation.trener.UcitajTrenereTest" time="0.006"/>
</testsuite>